2023-05-12 20:51:25 INFO  Log:22 - This is setup method
2023-05-12 20:51:25 INFO  Log:22 - browser started
2023-05-12 20:51:28 INFO  Log:10 - =====================================IndexPageTest TEST START=========================================
2023-05-12 20:51:36 INFO  Log:15 - =====================================IndexPageTest TEST END=========================================
2023-05-12 23:27:37 INFO  Log:22 - This is setup method
2023-05-12 23:27:38 INFO  Log:22 - browser started
2023-05-12 23:28:01 INFO  Log:22 - This is setup method
2023-05-12 23:28:01 INFO  Log:22 - browser started
2023-05-12 23:28:10 INFO  Log:22 - This is setup method
2023-05-12 23:28:10 INFO  Log:22 - browser started
2023-05-12 23:28:20 INFO  Log:22 - This is setup method
2023-05-12 23:28:20 INFO  Log:22 - browser started
2023-05-12 23:28:22 INFO  Log:10 - =====================================IndexPageTest TEST START=========================================
2023-05-12 23:28:30 INFO  Log:15 - =====================================IndexPageTest TEST END=========================================
2023-05-12 23:28:31 INFO  Log:22 - This is setup method
2023-05-12 23:28:31 INFO  Log:22 - browser started
2023-05-12 23:28:48 INFO  Log:22 - This is setup method
2023-05-12 23:28:48 INFO  Log:22 - browser started
2023-05-12 23:28:58 INFO  Log:22 - This is setup method
2023-05-12 23:28:58 INFO  Log:22 - browser started
2023-05-12 23:29:17 INFO  Log:22 - This is setup method
2023-05-12 23:29:17 INFO  Log:22 - browser started
2023-05-12 23:29:19 INFO  Log:10 - =====================================endtoendTestCase TEST START=========================================
2023-05-12 23:29:48 INFO  Log:15 - =====================================endtoendtestcase TEST END=========================================
2023-05-13 00:15:24 INFO  Log:22 - This is setup method
2023-05-13 00:15:25 INFO  Log:22 - browser started
2023-05-13 00:15:38 INFO  Log:22 - This is setup method
2023-05-13 00:15:38 INFO  Log:22 - browser started
2023-05-13 00:15:48 INFO  Log:22 - This is setup method
2023-05-13 00:15:48 INFO  Log:22 - browser started
2023-05-13 00:15:50 INFO  Log:10 - =====================================IndexPageTest TEST START=========================================
2023-05-13 00:15:59 INFO  Log:15 - =====================================IndexPageTest TEST END=========================================
2023-05-13 00:16:00 INFO  Log:22 - This is setup method
2023-05-13 00:16:00 INFO  Log:22 - browser started
2023-05-13 00:17:30 INFO  Log:22 - This is setup method
2023-05-13 00:17:30 INFO  Log:22 - browser started
2023-05-13 00:17:33 INFO  Log:10 - =====================================IndexPageTest TEST START=========================================
2023-05-13 00:17:40 INFO  Log:15 - =====================================IndexPageTest TEST END=========================================
2023-05-13 00:19:20 INFO  Log:22 - This is setup method
2023-05-13 00:19:20 INFO  Log:22 - browser started
2023-05-13 00:19:32 INFO  Log:22 - This is setup method
2023-05-13 00:19:32 INFO  Log:22 - browser started
2023-05-13 00:19:42 INFO  Log:22 - This is setup method
2023-05-13 00:19:42 INFO  Log:22 - browser started
2023-05-13 00:19:43 INFO  Log:10 - =====================================IndexPageTest TEST START=========================================
2023-05-13 00:19:51 INFO  Log:15 - =====================================IndexPageTest TEST END=========================================
2023-05-13 00:19:51 INFO  Log:22 - This is setup method
2023-05-13 00:19:51 INFO  Log:22 - browser started
2023-05-13 00:21:09 INFO  Log:22 - This is setup method
2023-05-13 00:21:09 INFO  Log:22 - browser started
2023-05-13 00:21:21 INFO  Log:22 - This is setup method
2023-05-13 00:21:21 INFO  Log:22 - browser started
2023-05-13 00:21:30 INFO  Log:22 - This is setup method
2023-05-13 00:21:30 INFO  Log:22 - browser started
2023-05-13 00:23:03 INFO  Log:22 - This is setup method
2023-05-13 00:23:03 INFO  Log:22 - browser started
2023-05-13 00:23:18 INFO  Log:22 - This is setup method
2023-05-13 00:23:18 INFO  Log:22 - browser started
2023-05-13 00:23:30 INFO  Log:22 - This is setup method
2023-05-13 00:23:30 INFO  Log:22 - browser started
2023-05-13 00:23:32 INFO  Log:10 - =====================================endtoendTestCase TEST START=========================================
2023-05-13 00:24:04 INFO  Log:15 - =====================================endtoendtestcase TEST END=========================================
2023-05-13 00:27:09 INFO  Log:22 - This is setup method
2023-05-13 00:27:09 INFO  Log:22 - browser started
2023-05-13 00:27:21 INFO  Log:22 - This is setup method
2023-05-13 00:27:21 INFO  Log:22 - browser started
2023-05-13 00:27:30 INFO  Log:22 - This is setup method
2023-05-13 00:27:30 INFO  Log:22 - browser started
2023-05-13 00:27:32 INFO  Log:10 - =====================================IndexPageTest TEST START=========================================
2023-05-13 00:27:39 INFO  Log:15 - =====================================IndexPageTest TEST END=========================================
2023-05-13 00:27:39 INFO  Log:22 - This is setup method
2023-05-13 00:27:39 INFO  Log:22 - browser started
2023-05-13 00:28:59 INFO  Log:22 - This is setup method
2023-05-13 00:28:59 INFO  Log:22 - browser started
2023-05-13 00:29:11 INFO  Log:22 - This is setup method
2023-05-13 00:29:11 INFO  Log:22 - browser started
2023-05-13 00:29:20 INFO  Log:22 - This is setup method
2023-05-13 00:29:20 INFO  Log:22 - browser started
2023-05-13 00:29:22 INFO  Log:10 - =====================================IndexPageTest TEST START=========================================
2023-05-13 00:29:29 INFO  Log:15 - =====================================IndexPageTest TEST END=========================================
2023-05-13 00:29:29 INFO  Log:22 - This is setup method
2023-05-13 00:29:29 INFO  Log:22 - browser started
2023-05-13 22:55:54 INFO  Log:22 - This is setup method
2023-05-13 22:55:54 INFO  Log:22 - browser started
2023-05-13 22:56:02 INFO  Log:10 - =====================================IndexPageTest TEST START=========================================
2023-05-13 22:56:08 INFO  Log:15 - =====================================IndexPageTest TEST END=========================================
2023-05-14 00:44:27 INFO  Log:22 - This is setup method
2023-05-14 00:44:27 INFO  Log:22 - browser started
2023-05-14 00:44:45 INFO  Log:22 - This is setup method
2023-05-14 00:44:45 INFO  Log:22 - browser started
2023-05-14 00:44:58 INFO  Log:22 - This is setup method
2023-05-14 00:44:58 INFO  Log:22 - browser started
2023-05-14 00:45:00 INFO  Log:10 - =====================================endtoendTestCase TEST START=========================================
2023-05-14 00:45:31 INFO  Log:15 - =====================================endtoendtestcase TEST END=========================================
2023-05-14 01:06:48 INFO  Log:22 - This is setup method
2023-05-14 01:06:48 INFO  Log:22 - browser started
2023-05-14 01:07:06 INFO  Log:22 - This is setup method
2023-05-14 01:07:06 INFO  Log:22 - browser started
2023-05-14 01:07:17 INFO  Log:22 - This is setup method
2023-05-14 01:07:17 INFO  Log:22 - browser started
2023-05-14 01:07:18 INFO  Log:10 - =====================================endtoendTestCase TEST START=========================================
2023-05-14 01:16:38 INFO  Log:22 - This is setup method
2023-05-14 01:16:38 INFO  Log:22 - browser started
2023-05-14 01:16:43 INFO  Log:10 - =====================================endtoendTestCase TEST START=========================================
2023-05-14 01:17:07 INFO  Log:15 - =====================================endtoendtestcase TEST END=========================================
